<?xml version="1.0" encoding="UTF-8"?>
<!-- Generated by org.testng.reporters.JUnitReportReporter -->
<testsuite hostname="BOLT-PF3DQXBH" failures="0" tests="1" name="Appiumaruntesting.ScrollDemo" time="8.758" errors="0" timestamp="28 Dec 2023 11:49:00 GMT" skipped="0">
  <testcase classname="Appiumaruntesting.ScrollDemo" name="ScrollDemoTest" time="8.758"/>
</testsuite> <!-- Appiumaruntesting.ScrollDemo -->
