<?xml version="1.0" encoding="UTF-8"?>
<!-- Generated by org.testng.reporters.JUnitReportReporter -->
<testsuite hostname="BOLT-PF3DQXBH" failures="0" tests="1" name="Appiumaruntesting.LongPress" time="9.879" errors="0" timestamp="28 Dec 2023 10:59:34 GMT" skipped="0">
  <testcase classname="Appiumaruntesting.LongPress" name="LongPressGesture" time="9.879"/>
</testsuite> <!-- Appiumaruntesting.LongPress -->
