<?xml version="1.0" encoding="UTF-8"?>
<!-- Generated by org.testng.reporters.JUnitReportReporter -->
<testsuite hostname="BOLT-PF3DQXBH" failures="0" tests="1" name="Appiumaruntesting.eCommerce_tc_2" time="32.676" errors="0" timestamp="03 Jan 2024 06:12:49 GMT" skipped="0">
  <testcase classname="Appiumaruntesting.eCommerce_tc_2" name="FillForm" time="32.676"/>
</testsuite> <!-- Appiumaruntesting.eCommerce_tc_2 -->
