<?xml version="1.0" encoding="UTF-8"?>
<!-- Generated by org.testng.reporters.JUnitReportReporter -->
<testsuite hostname="BOLT-PF3DQXBH" failures="0" tests="1" name="Appiumaruntesting.AppiumBasics" time="10.699" errors="0" timestamp="28 Dec 2023 09:43:39 GMT" skipped="0">
  <testcase classname="Appiumaruntesting.AppiumBasics" name="AppiumTest" time="10.699"/>
</testsuite> <!-- Appiumaruntesting.AppiumBasics -->
