<?xml version="1.0" encoding="UTF-8"?>
<!-- Generated by org.testng.reporters.JUnitReportReporter -->
<testsuite hostname="BOLT-PF3DQXBH" failures="0" tests="1" name="Appiumaruntesting.eCommerce_tc_3_Hybrid" time="40.087" errors="1" timestamp="04 Jan 2024 08:35:22 GMT" skipped="0">
  <testcase classname="Appiumaruntesting.eCommerce_tc_3_Hybrid" name="FillForm" time="40.087">
    <error message="No such context found.
Build info: version: &#039;4.16.1&#039;, revision: &#039;9b4c83354e&#039;
System info: os.name: &#039;Windows 11&#039;, os.arch: &#039;amd64&#039;, os.version: &#039;10.0&#039;, java.version: &#039;19.0.2&#039;
Driver info: io.appium.java_client.android.AndroidDriver
Command: [f5f7c95e-56f5-42c9-a913-8b5eb2fc8240, switchToContext {name=Native_App}]
Capabilities {appium:app: C:\Users\ArunkumarM\git\rep..., appium:appPackage: com.androidsample.generalstore, appium:automationName: UIAutomator2, appium:chromedriverExecutable: C:\Automation Tool\Drivers\..., appium:databaseEnabled: false, appium:desired: {app: C:\Users\ArunkumarM\git\rep..., automationName: UIAutomator2, chromedriverExecutable: C:\Automation Tool\Drivers\..., deviceName: samsung SM-F127G, platformName: ANDROID}, appium:deviceApiLevel: 33, appium:deviceManufacturer: samsung, appium:deviceModel: SM-F127G, appium:deviceName: RZ8T6175X1N, appium:deviceScreenDensity: 300, appium:deviceScreenSize: 720x1600, appium:deviceUDID: RZ8T6175X1N, appium:javascriptEnabled: true, appium:locationContextEnabled: false, appium:networkConnectionEnabled: true, appium:pixelRatio: 1.875, appium:platformVersion: 13, appium:statBarHeight: 45, appium:takesScreenshot: true, appium:viewportRect: {height: 1420, left: 0, top: 45, width: 720}, appium:warnings: {}, appium:webStorageEnabled: false, platformName: ANDROID}
Session ID: f5f7c95e-56f5-42c9-a913-8b5eb2fc8240" type="io.appium.java_client.NoSuchContextException">
      <![CDATA[io.appium.java_client.NoSuchContextException: No such context found.
Build info: version: '4.16.1', revision: '9b4c83354e'
System info: os.name: 'Windows 11', os.arch: 'amd64', os.version: '10.0', java.version: '19.0.2'
Driver info: io.appium.java_client.android.AndroidDriver
Command: [f5f7c95e-56f5-42c9-a913-8b5eb2fc8240, switchToContext {name=Native_App}]
Capabilities {appium:app: C:\Users\ArunkumarM\git\rep..., appium:appPackage: com.androidsample.generalstore, appium:automationName: UIAutomator2, appium:chromedriverExecutable: C:\Automation Tool\Drivers\..., appium:databaseEnabled: false, appium:desired: {app: C:\Users\ArunkumarM\git\rep..., automationName: UIAutomator2, chromedriverExecutable: C:\Automation Tool\Drivers\..., deviceName: samsung SM-F127G, platformName: ANDROID}, appium:deviceApiLevel: 33, appium:deviceManufacturer: samsung, appium:deviceModel: SM-F127G, appium:deviceName: RZ8T6175X1N, appium:deviceScreenDensity: 300, appium:deviceScreenSize: 720x1600, appium:deviceUDID: RZ8T6175X1N, appium:javascriptEnabled: true, appium:locationContextEnabled: false, appium:networkConnectionEnabled: true, appium:pixelRatio: 1.875, appium:platformVersion: 13, appium:statBarHeight: 45, appium:takesScreenshot: true, appium:viewportRect: {height: 1420, left: 0, top: 45, width: 720}, appium:warnings: {}, appium:webStorageEnabled: false, platformName: ANDROID}
Session ID: f5f7c95e-56f5-42c9-a913-8b5eb2fc8240
at io.appium.java_client.remote.SupportsContextSwitching.context(SupportsContextSwitching.java:48)
at Appiumaruntesting.eCommerce_tc_3_Hybrid.FillForm(eCommerce_tc_3_Hybrid.java:96)
at java.base/jdk.internal.reflect.DirectMethodHandleAccessor.invoke(DirectMethodHandleAccessor.java:104)
at java.base/java.lang.reflect.Method.invoke(Method.java:578)
at org.testng.internal.MethodInvocationHelper.invokeMethod(MethodInvocationHelper.java:124)
at org.testng.internal.Invoker.invokeMethod(Invoker.java:583)
at org.testng.internal.Invoker.invokeTestMethod(Invoker.java:719)
at org.testng.internal.Invoker.invokeTestMethods(Invoker.java:989)
at org.testng.internal.TestMethodWorker.invokeTestMethods(TestMethodWorker.java:125)
at org.testng.internal.TestMethodWorker.run(TestMethodWorker.java:109)
at org.testng.TestRunner.privateRun(TestRunner.java:648)
at org.testng.TestRunner.run(TestRunner.java:505)
at org.testng.SuiteRunner.runTest(SuiteRunner.java:455)
at org.testng.SuiteRunner.runSequentially(SuiteRunner.java:450)
at org.testng.SuiteRunner.privateRun(SuiteRunner.java:415)
at org.testng.SuiteRunner.run(SuiteRunner.java:364)
at org.testng.SuiteRunnerWorker.runSuite(SuiteRunnerWorker.java:52)
at org.testng.SuiteRunnerWorker.run(SuiteRunnerWorker.java:84)
at org.testng.TestNG.runSuitesSequentially(TestNG.java:1208)
at org.testng.TestNG.runSuitesLocally(TestNG.java:1137)
at org.testng.TestNG.runSuites(TestNG.java:1049)
at org.testng.TestNG.run(TestNG.java:1017)
at org.testng.remote.AbstractRemoteTestNG.run(AbstractRemoteTestNG.java:115)
at org.testng.remote.RemoteTestNG.initAndRun(RemoteTestNG.java:251)
at org.testng.remote.RemoteTestNG.main(RemoteTestNG.java:77)
Caused by: org.openqa.selenium.WebDriverException: No such context found.
Build info: version: '4.16.1', revision: '9b4c83354e'
System info: os.name: 'Windows 11', os.arch: 'amd64', os.version: '10.0', java.version: '19.0.2'
Driver info: io.appium.java_client.android.AndroidDriver
Command: [f5f7c95e-56f5-42c9-a913-8b5eb2fc8240, switchToContext {name=Native_App}]
Capabilities {appium:app: C:\Users\ArunkumarM\git\rep..., appium:appPackage: com.androidsample.generalstore, appium:automationName: UIAutomator2, appium:chromedriverExecutable: C:\Automation Tool\Drivers\..., appium:databaseEnabled: false, appium:desired: {app: C:\Users\ArunkumarM\git\rep..., automationName: UIAutomator2, chromedriverExecutable: C:\Automation Tool\Drivers\..., deviceName: samsung SM-F127G, platformName: ANDROID}, appium:deviceApiLevel: 33, appium:deviceManufacturer: samsung, appium:deviceModel: SM-F127G, appium:deviceName: RZ8T6175X1N, appium:deviceScreenDensity: 300, appium:deviceScreenSize: 720x1600, appium:deviceUDID: RZ8T6175X1N, appium:javascriptEnabled: true, appium:locationContextEnabled: false, appium:networkConnectionEnabled: true, appium:pixelRatio: 1.875, appium:platformVersion: 13, appium:statBarHeight: 45, appium:takesScreenshot: true, appium:viewportRect: {height: 1420, left: 0, top: 45, width: 720}, appium:warnings: {}, appium:webStorageEnabled: false, platformName: ANDROID}
Session ID: f5f7c95e-56f5-42c9-a913-8b5eb2fc8240
at java.base/jdk.internal.reflect.DirectConstructorHandleAccessor.newInstance(DirectConstructorHandleAccessor.java:67)
at java.base/java.lang.reflect.Constructor.newInstanceWithCaller(Constructor.java:500)
at java.base/java.lang.reflect.Constructor.newInstance(Constructor.java:484)
at org.openqa.selenium.remote.codec.w3c.W3CHttpResponseCodec.createException(W3CHttpResponseCodec.java:200)
at org.openqa.selenium.remote.codec.w3c.W3CHttpResponseCodec.decode(W3CHttpResponseCodec.java:133)
at org.openqa.selenium.remote.codec.w3c.W3CHttpResponseCodec.decode(W3CHttpResponseCodec.java:52)
at org.openqa.selenium.remote.HttpCommandExecutor.execute(HttpCommandExecutor.java:191)
at io.appium.java_client.remote.AppiumCommandExecutor.execute(AppiumCommandExecutor.java:238)
at org.openqa.selenium.remote.RemoteWebDriver.execute(RemoteWebDriver.java:523)
at org.openqa.selenium.remote.RemoteWebDriver.execute(RemoteWebDriver.java:596)
at io.appium.java_client.AppiumDriver.execute(AppiumDriver.java:302)
at io.appium.java_client.remote.SupportsContextSwitching.context(SupportsContextSwitching.java:45)
... 24 more
]]>
    </error>
  </testcase> <!-- FillForm -->
</testsuite> <!-- Appiumaruntesting.eCommerce_tc_3_Hybrid -->
