<?xml version="1.0" encoding="UTF-8"?>
<!-- Generated by org.testng.reporters.JUnitReportReporter -->
<testsuite hostname="BOLT-PF3DQXBH" failures="0" tests="1" name="Appiumaruntesting.MobileBrowserTest" time="10.184" errors="0" timestamp="04 Jan 2024 09:48:32 GMT" skipped="0">
  <testcase classname="Appiumaruntesting.MobileBrowserTest" name="broswertest" time="10.184"/>
</testsuite> <!-- Appiumaruntesting.MobileBrowserTest -->
