<?xml version="1.0" encoding="UTF-8"?>
<!-- Generated by org.testng.reporters.JUnitReportReporter -->
<testsuite hostname="BOLT-PF3DQXBH" failures="0" tests="1" name="Appiumaruntesting.eCommerce_tc_2" time="32.377" errors="0" timestamp="04 Jan 2024 06:19:01 GMT" skipped="0">
  <testcase classname="Appiumaruntesting.eCommerce_tc_2" name="FillForm" time="32.377"/>
</testsuite> <!-- Appiumaruntesting.eCommerce_tc_2 -->
